Release 14.7 - xst P.20131013 (nt64)
Copyright (c) 1995-2013 Xilinx, Inc.  All rights reserved.
--> Parameter TMPDIR set to xst/projnav.tmp


Total REAL time to Xst completion: 0.00 secs
Total CPU time to Xst completion: 0.11 secs
 
--> Parameter xsthdpdir set to xst


Total REAL time to Xst completion: 0.00 secs
Total CPU time to Xst completion: 0.11 secs
 
--> Reading design: BOOTH_MULT.prj

TABLE OF CONTENTS
  1) Synthesis Options Summary
  2) HDL Parsing
  3) HDL Elaboration
  4) HDL Synthesis
       4.1) HDL Synthesis Report
  5) Advanced HDL Synthesis
       5.1) Advanced HDL Synthesis Report
  6) Low Level Synthesis
  7) Partition Report
  8) Design Summary
       8.1) Primitive and Black Box Usage
       8.2) Device utilization summary
       8.3) Partition Resource Summary
       8.4) Timing Report
            8.4.1) Clock Information
            8.4.2) Asynchronous Control Signals Information
            8.4.3) Timing Summary
            8.4.4) Timing Details
            8.4.5) Cross Clock Domains Report


=========================================================================
*                      Synthesis Options Summary                        *
=========================================================================
---- Source Parameters
Input File Name                    : "BOOTH_MULT.prj"
Ignore Synthesis Constraint File   : NO

---- Target Parameters
Output File Name                   : "BOOTH_MULT"
Output Format                      : NGC
Target Device                      : xc7a100t-1-csg324

---- Source Options
Top Module Name                    : BOOTH_MULT
Automatic FSM Extraction           : YES
FSM Encoding Algorithm             : Auto
Safe Implementation                : No
FSM Style                          : LUT
RAM Extraction                     : Yes
RAM Style                          : Auto
ROM Extraction                     : Yes
Shift Register Extraction          : YES
ROM Style                          : Auto
Resource Sharing                   : YES
Asynchronous To Synchronous        : NO
Shift Register Minimum Size        : 2
Use DSP Block                      : Auto
Automatic Register Balancing       : No

---- Target Options
LUT Combining                      : Auto
Reduce Control Sets                : Auto
Add IO Buffers                     : YES
Global Maximum Fanout              : 100000
Add Generic Clock Buffer(BUFG)     : 32
Register Duplication               : YES
Optimize Instantiated Primitives   : NO
Use Clock Enable                   : Auto
Use Synchronous Set                : Auto
Use Synchronous Reset              : Auto
Pack IO Registers into IOBs        : Auto
Equivalent register Removal        : YES

---- General Options
Optimization Goal                  : Speed
Optimization Effort                : 1
Power Reduction                    : NO
Keep Hierarchy                     : No
Netlist Hierarchy                  : As_Optimized
RTL Output                         : Yes
Global Optimization                : AllClockNets
Read Cores                         : YES
Write Timing Constraints           : NO
Cross Clock Analysis               : NO
Hierarchy Separator                : /
Bus Delimiter                      : <>
Case Specifier                     : Maintain
Slice Utilization Ratio            : 100
BRAM Utilization Ratio             : 100
DSP48 Utilization Ratio            : 100
Auto BRAM Packing                  : NO
Slice Utilization Ratio Delta      : 5

=========================================================================


=========================================================================
*                          HDL Parsing                                  *
=========================================================================
Parsing VHDL file "C:\CG3207\Lab2\BOOTH_MUL.vhd" into library work
Parsing entity <BOOTH_MULT>.
Parsing architecture <BOOTH_MULT_ARCH> of entity <booth_mult>.

=========================================================================
*                            HDL Elaboration                            *
=========================================================================

Elaborating entity <BOOTH_MULT> (architecture <BOOTH_MULT_ARCH>) with generics from library <work>.
WARNING:HDLCompiler:634 - "C:\CG3207\Lab2\BOOTH_MUL.vhd" Line 48: Net <A[32]> does not have a driver.

=========================================================================
*                           HDL Synthesis                               *
=========================================================================

Synthesizing Unit <BOOTH_MULT>.
    Related source file is "C:\CG3207\Lab2\BOOTH_MUL.vhd".
        width = 32
WARNING:Xst:2935 - Signal 'A<32:0>', unconnected in block 'BOOTH_MULT', is tied to its initial value (000000000000000000000000000000000).
WARNING:Xst:2935 - Signal 'S<32:0>', unconnected in block 'BOOTH_MULT', is tied to its initial value (000000000000000000000000000000000).
    Found 1-bit register for signal <A<64>>.
    Found 1-bit register for signal <A<63>>.
    Found 1-bit register for signal <A<62>>.
    Found 1-bit register for signal <A<61>>.
    Found 1-bit register for signal <A<60>>.
    Found 1-bit register for signal <A<59>>.
    Found 1-bit register for signal <A<58>>.
    Found 1-bit register for signal <A<57>>.
    Found 1-bit register for signal <A<56>>.
    Found 1-bit register for signal <A<55>>.
    Found 1-bit register for signal <A<54>>.
    Found 1-bit register for signal <A<53>>.
    Found 1-bit register for signal <A<52>>.
    Found 1-bit register for signal <A<51>>.
    Found 1-bit register for signal <A<50>>.
    Found 1-bit register for signal <A<49>>.
    Found 1-bit register for signal <A<48>>.
    Found 1-bit register for signal <A<47>>.
    Found 1-bit register for signal <A<46>>.
    Found 1-bit register for signal <A<45>>.
    Found 1-bit register for signal <A<44>>.
    Found 1-bit register for signal <A<43>>.
    Found 1-bit register for signal <A<42>>.
    Found 1-bit register for signal <A<41>>.
    Found 1-bit register for signal <A<40>>.
    Found 1-bit register for signal <A<39>>.
    Found 1-bit register for signal <A<38>>.
    Found 1-bit register for signal <A<37>>.
    Found 1-bit register for signal <A<36>>.
    Found 1-bit register for signal <A<35>>.
    Found 1-bit register for signal <A<34>>.
    Found 1-bit register for signal <A<33>>.
    Found 1-bit register for signal <S<64>>.
    Found 1-bit register for signal <S<63>>.
    Found 1-bit register for signal <S<62>>.
    Found 1-bit register for signal <S<61>>.
    Found 1-bit register for signal <S<60>>.
    Found 1-bit register for signal <S<59>>.
    Found 1-bit register for signal <S<58>>.
    Found 1-bit register for signal <S<57>>.
    Found 1-bit register for signal <S<56>>.
    Found 1-bit register for signal <S<55>>.
    Found 1-bit register for signal <S<54>>.
    Found 1-bit register for signal <S<53>>.
    Found 1-bit register for signal <S<52>>.
    Found 1-bit register for signal <S<51>>.
    Found 1-bit register for signal <S<50>>.
    Found 1-bit register for signal <S<49>>.
    Found 1-bit register for signal <S<48>>.
    Found 1-bit register for signal <S<47>>.
    Found 1-bit register for signal <S<46>>.
    Found 1-bit register for signal <S<45>>.
    Found 1-bit register for signal <S<44>>.
    Found 1-bit register for signal <S<43>>.
    Found 1-bit register for signal <S<42>>.
    Found 1-bit register for signal <S<41>>.
    Found 1-bit register for signal <S<40>>.
    Found 1-bit register for signal <S<39>>.
    Found 1-bit register for signal <S<38>>.
    Found 1-bit register for signal <S<37>>.
    Found 1-bit register for signal <S<36>>.
    Found 1-bit register for signal <S<35>>.
    Found 1-bit register for signal <S<34>>.
    Found 1-bit register for signal <S<33>>.
    Found 65-bit register for signal <P>.
    Found 65-bit adder for signal <P[64]_A[64]_add_0_OUT> created at line 56.
    Found 65-bit adder for signal <P[64]_S[64]_add_1_OUT> created at line 58.
    Found 32-bit adder for signal <Operand1[31]_GND_6_o_add_4_OUT> created at line 65.
    Found 65-bit 4-to-1 multiplexer for signal <n0144> created at line 54.
    Summary:
	inferred   2 Adder/Subtractor(s).
	inferred 129 D-type flip-flop(s).
	inferred   4 Multiplexer(s).
Unit <BOOTH_MULT> synthesized.

=========================================================================
HDL Synthesis Report

Macro Statistics
# Adders/Subtractors                                   : 2
 32-bit adder                                          : 1
 65-bit adder                                          : 1
# Registers                                            : 34
 1-bit register                                        : 32
 32-bit register                                       : 1
 65-bit register                                       : 1
# Multiplexers                                         : 4
 65-bit 2-to-1 multiplexer                             : 4

=========================================================================
INFO:Xst:1767 - HDL ADVISOR - Resource sharing has identified that some arithmetic operations in this design can share the same physical resources for reduced device utilization. For improved clock frequency you may try to disable resource sharing.

=========================================================================
*                       Advanced HDL Synthesis                          *
=========================================================================


=========================================================================
Advanced HDL Synthesis Report

Macro Statistics
# Adders/Subtractors                                   : 2
 32-bit adder                                          : 1
 65-bit adder                                          : 1
# Registers                                            : 129
 Flip-Flops                                            : 129
# Multiplexers                                         : 4
 65-bit 2-to-1 multiplexer                             : 4

=========================================================================

=========================================================================
*                         Low Level Synthesis                           *
=========================================================================
INFO:Xst:2261 - The FF/Latch <P_63> in Unit <BOOTH_MULT> is equivalent to the following FF/Latch, which will be removed : <P_64> 

Optimizing unit <BOOTH_MULT> ...
INFO:Xst:2261 - The FF/Latch <A_33> in Unit <BOOTH_MULT> is equivalent to the following FF/Latch, which will be removed : <S_64> 

Mapping all equations...
Building and optimizing final netlist ...
Found area constraint ratio of 100 (+ 5) on block BOOTH_MULT, actual ratio is 0.
FlipFlop P_0 has been replicated 2 time(s)
FlipFlop P_1 has been replicated 2 time(s)

Final Macro Processing ...

=========================================================================
Final Register Report

Macro Statistics
# Registers                                            : 131
 Flip-Flops                                            : 131

=========================================================================

=========================================================================
*                           Partition Report                            *
=========================================================================

Partition Implementation Status
-------------------------------

  No Partitions were found in this design.

-------------------------------

=========================================================================
*                            Design Summary                             *
=========================================================================

Top Level Output File Name         : BOOTH_MULT.ngc

Primitive and Black Box Usage:
------------------------------
# BELS                             : 256
#      GND                         : 1
#      INV                         : 32
#      LUT1                        : 1
#      LUT2                        : 31
#      LUT3                        : 33
#      LUT4                        : 1
#      LUT5                        : 31
#      MUXCY                       : 62
#      VCC                         : 1
#      XORCY                       : 63
# FlipFlops/Latches                : 131
#      FD                          : 68
#      FDE                         : 63
# Clock Buffers                    : 1
#      BUFGP                       : 1
# IO Buffers                       : 129
#      IBUF                        : 65
#      OBUF                        : 64

Device utilization summary:
---------------------------

Selected Device : 7a100tcsg324-1 


Slice Logic Utilization: 
 Number of Slice Registers:             131  out of  126800     0%  
 Number of Slice LUTs:                  129  out of  63400     0%  
    Number used as Logic:               129  out of  63400     0%  

Slice Logic Distribution: 
 Number of LUT Flip Flop pairs used:    196
   Number with an unused Flip Flop:      65  out of    196    33%  
   Number with an unused LUT:            67  out of    196    34%  
   Number of fully used LUT-FF pairs:    64  out of    196    32%  
   Number of unique control sets:         2

IO Utilization: 
 Number of IOs:                         130
 Number of bonded IOBs:                 130  out of    210    61%  

Specific Feature Utilization:
 Number of BUFG/BUFGCTRLs:                1  out of     32     3%  

---------------------------
Partition Resource Summary:
---------------------------

  No Partitions were found in this design.

---------------------------


=========================================================================
Timing Report

NOTE: THESE TIMING NUMBERS ARE ONLY A SYNTHESIS ESTIMATE.
      FOR ACCURATE TIMING INFORMATION PLEASE REFER TO THE TRACE REPORT
      GENERATED AFTER PLACE-and-ROUTE.

Clock Information:
------------------
-----------------------------------+------------------------+-------+
Clock Signal                       | Clock buffer(FF name)  | Load  |
-----------------------------------+------------------------+-------+
Clk                                | BUFGP                  | 131   |
-----------------------------------+------------------------+-------+

Asynchronous Control Signals Information:
----------------------------------------
No asynchronous control signals found in this design

Timing Summary:
---------------
Speed Grade: -1

   Minimum period: 3.932ns (Maximum Frequency: 254.307MHz)
   Minimum input arrival time before clock: 2.442ns
   Maximum output required time after clock: 1.028ns
   Maximum combinational path delay: No path found

Timing Details:
---------------
All values displayed in nanoseconds (ns)

=========================================================================
Timing constraint: Default period analysis for Clock 'Clk'
  Clock period: 3.932ns (frequency: 254.307MHz)
  Total number of paths / destination ports: 3143 / 68
-------------------------------------------------------------------------
Delay:               3.932ns (Levels of Logic = 33)
  Source:            P_34 (FF)
  Destination:       P_63 (FF)
  Source Clock:      Clk rising
  Destination Clock: Clk rising

  Data Path: P_34 to P_63
                                Gate     Net
    Cell:in->out      fanout   Delay   Delay  Logical Name (Net Name)
    ----------------------------------------  ------------
     FD:C->Q               2   0.478   0.925  P_34 (P_34)
     LUT5:I0->O            1   0.124   0.000  Mmux_n01443_rs_lut<34> (Mmux_n01443_rs_lut<34>)
     MUXCY:S->O            1   0.472   0.000  Mmux_n01443_rs_cy<34> (Mmux_n01443_rs_cy<34>)
     MUXCY:CI->O           1   0.029   0.000  Mmux_n01443_rs_cy<35> (Mmux_n01443_rs_cy<35>)
     MUXCY:CI->O           1   0.029   0.000  Mmux_n01443_rs_cy<36> (Mmux_n01443_rs_cy<36>)
     MUXCY:CI->O           1   0.029   0.000  Mmux_n01443_rs_cy<37> (Mmux_n01443_rs_cy<37>)
     MUXCY:CI->O           1   0.029   0.000  Mmux_n01443_rs_cy<38> (Mmux_n01443_rs_cy<38>)
     MUXCY:CI->O           1   0.029   0.000  Mmux_n01443_rs_cy<39> (Mmux_n01443_rs_cy<39>)
     MUXCY:CI->O           1   0.029   0.000  Mmux_n01443_rs_cy<40> (Mmux_n01443_rs_cy<40>)
     MUXCY:CI->O           1   0.029   0.000  Mmux_n01443_rs_cy<41> (Mmux_n01443_rs_cy<41>)
     MUXCY:CI->O           1   0.029   0.000  Mmux_n01443_rs_cy<42> (Mmux_n01443_rs_cy<42>)
     MUXCY:CI->O           1   0.029   0.000  Mmux_n01443_rs_cy<43> (Mmux_n01443_rs_cy<43>)
     MUXCY:CI->O           1   0.029   0.000  Mmux_n01443_rs_cy<44> (Mmux_n01443_rs_cy<44>)
     MUXCY:CI->O           1   0.029   0.000  Mmux_n01443_rs_cy<45> (Mmux_n01443_rs_cy<45>)
     MUXCY:CI->O           1   0.029   0.000  Mmux_n01443_rs_cy<46> (Mmux_n01443_rs_cy<46>)
     MUXCY:CI->O           1   0.029   0.000  Mmux_n01443_rs_cy<47> (Mmux_n01443_rs_cy<47>)
     MUXCY:CI->O           1   0.029   0.000  Mmux_n01443_rs_cy<48> (Mmux_n01443_rs_cy<48>)
     MUXCY:CI->O           1   0.029   0.000  Mmux_n01443_rs_cy<49> (Mmux_n01443_rs_cy<49>)
     MUXCY:CI->O           1   0.029   0.000  Mmux_n01443_rs_cy<50> (Mmux_n01443_rs_cy<50>)
     MUXCY:CI->O           1   0.029   0.000  Mmux_n01443_rs_cy<51> (Mmux_n01443_rs_cy<51>)
     MUXCY:CI->O           1   0.029   0.000  Mmux_n01443_rs_cy<52> (Mmux_n01443_rs_cy<52>)
     MUXCY:CI->O           1   0.029   0.000  Mmux_n01443_rs_cy<53> (Mmux_n01443_rs_cy<53>)
     MUXCY:CI->O           1   0.029   0.000  Mmux_n01443_rs_cy<54> (Mmux_n01443_rs_cy<54>)
     MUXCY:CI->O           1   0.029   0.000  Mmux_n01443_rs_cy<55> (Mmux_n01443_rs_cy<55>)
     MUXCY:CI->O           1   0.029   0.000  Mmux_n01443_rs_cy<56> (Mmux_n01443_rs_cy<56>)
     MUXCY:CI->O           1   0.029   0.000  Mmux_n01443_rs_cy<57> (Mmux_n01443_rs_cy<57>)
     MUXCY:CI->O           1   0.029   0.000  Mmux_n01443_rs_cy<58> (Mmux_n01443_rs_cy<58>)
     MUXCY:CI->O           1   0.029   0.000  Mmux_n01443_rs_cy<59> (Mmux_n01443_rs_cy<59>)
     MUXCY:CI->O           1   0.029   0.000  Mmux_n01443_rs_cy<60> (Mmux_n01443_rs_cy<60>)
     MUXCY:CI->O           1   0.029   0.000  Mmux_n01443_rs_cy<61> (Mmux_n01443_rs_cy<61>)
     MUXCY:CI->O           1   0.029   0.000  Mmux_n01443_rs_cy<62> (Mmux_n01443_rs_cy<62>)
     MUXCY:CI->O           0   0.029   0.000  Mmux_n01443_rs_cy<63> (Mmux_n01443_rs_cy<63>)
     XORCY:CI->O           1   0.510   0.421  Mmux_n01443_rs_xor<64> (Mmux_n01443_split<64>)
     LUT2:I1->O            1   0.124   0.000  GND_6_o_P[1]_mux_6_OUT<63>1 (GND_6_o_P[1]_mux_6_OUT<63>)
     FD:D                      0.030          P_63
    ----------------------------------------
    Total                      3.932ns (2.586ns logic, 1.346ns route)
                                       (65.8% logic, 34.2% route)

=========================================================================
Timing constraint: Default OFFSET IN BEFORE for Clock 'Clk'
  Total number of paths / destination ports: 724 / 194
-------------------------------------------------------------------------
Offset:              2.442ns (Levels of Logic = 34)
  Source:            Operand1<0> (PAD)
  Destination:       S_33 (FF)
  Destination Clock: Clk rising

  Data Path: Operand1<0> to S_33
                                Gate     Net
    Cell:in->out      fanout   Delay   Delay  Logical Name (Net Name)
    ----------------------------------------  ------------
     IBUF:I->O             2   0.001   0.427  Operand1_0_IBUF (Operand1_0_IBUF)
     LUT1:I0->O            1   0.124   0.000  Madd_Operand1[31]_GND_6_o_add_4_OUT_cy<0>_rt (Madd_Operand1[31]_GND_6_o_add_4_OUT_cy<0>_rt)
     MUXCY:S->O            1   0.472   0.000  Madd_Operand1[31]_GND_6_o_add_4_OUT_cy<0> (Madd_Operand1[31]_GND_6_o_add_4_OUT_cy<0>)
     MUXCY:CI->O           1   0.029   0.000  Madd_Operand1[31]_GND_6_o_add_4_OUT_cy<1> (Madd_Operand1[31]_GND_6_o_add_4_OUT_cy<1>)
     MUXCY:CI->O           1   0.029   0.000  Madd_Operand1[31]_GND_6_o_add_4_OUT_cy<2> (Madd_Operand1[31]_GND_6_o_add_4_OUT_cy<2>)
     MUXCY:CI->O           1   0.029   0.000  Madd_Operand1[31]_GND_6_o_add_4_OUT_cy<3> (Madd_Operand1[31]_GND_6_o_add_4_OUT_cy<3>)
     MUXCY:CI->O           1   0.029   0.000  Madd_Operand1[31]_GND_6_o_add_4_OUT_cy<4> (Madd_Operand1[31]_GND_6_o_add_4_OUT_cy<4>)
     MUXCY:CI->O           1   0.029   0.000  Madd_Operand1[31]_GND_6_o_add_4_OUT_cy<5> (Madd_Operand1[31]_GND_6_o_add_4_OUT_cy<5>)
     MUXCY:CI->O           1   0.029   0.000  Madd_Operand1[31]_GND_6_o_add_4_OUT_cy<6> (Madd_Operand1[31]_GND_6_o_add_4_OUT_cy<6>)
     MUXCY:CI->O           1   0.029   0.000  Madd_Operand1[31]_GND_6_o_add_4_OUT_cy<7> (Madd_Operand1[31]_GND_6_o_add_4_OUT_cy<7>)
     MUXCY:CI->O           1   0.029   0.000  Madd_Operand1[31]_GND_6_o_add_4_OUT_cy<8> (Madd_Operand1[31]_GND_6_o_add_4_OUT_cy<8>)
     MUXCY:CI->O           1   0.029   0.000  Madd_Operand1[31]_GND_6_o_add_4_OUT_cy<9> (Madd_Operand1[31]_GND_6_o_add_4_OUT_cy<9>)
     MUXCY:CI->O           1   0.029   0.000  Madd_Operand1[31]_GND_6_o_add_4_OUT_cy<10> (Madd_Operand1[31]_GND_6_o_add_4_OUT_cy<10>)
     MUXCY:CI->O           1   0.029   0.000  Madd_Operand1[31]_GND_6_o_add_4_OUT_cy<11> (Madd_Operand1[31]_GND_6_o_add_4_OUT_cy<11>)
     MUXCY:CI->O           1   0.029   0.000  Madd_Operand1[31]_GND_6_o_add_4_OUT_cy<12> (Madd_Operand1[31]_GND_6_o_add_4_OUT_cy<12>)
     MUXCY:CI->O           1   0.029   0.000  Madd_Operand1[31]_GND_6_o_add_4_OUT_cy<13> (Madd_Operand1[31]_GND_6_o_add_4_OUT_cy<13>)
     MUXCY:CI->O           1   0.029   0.000  Madd_Operand1[31]_GND_6_o_add_4_OUT_cy<14> (Madd_Operand1[31]_GND_6_o_add_4_OUT_cy<14>)
     MUXCY:CI->O           1   0.029   0.000  Madd_Operand1[31]_GND_6_o_add_4_OUT_cy<15> (Madd_Operand1[31]_GND_6_o_add_4_OUT_cy<15>)
     MUXCY:CI->O           1   0.029   0.000  Madd_Operand1[31]_GND_6_o_add_4_OUT_cy<16> (Madd_Operand1[31]_GND_6_o_add_4_OUT_cy<16>)
     MUXCY:CI->O           1   0.029   0.000  Madd_Operand1[31]_GND_6_o_add_4_OUT_cy<17> (Madd_Operand1[31]_GND_6_o_add_4_OUT_cy<17>)
     MUXCY:CI->O           1   0.029   0.000  Madd_Operand1[31]_GND_6_o_add_4_OUT_cy<18> (Madd_Operand1[31]_GND_6_o_add_4_OUT_cy<18>)
     MUXCY:CI->O           1   0.029   0.000  Madd_Operand1[31]_GND_6_o_add_4_OUT_cy<19> (Madd_Operand1[31]_GND_6_o_add_4_OUT_cy<19>)
     MUXCY:CI->O           1   0.029   0.000  Madd_Operand1[31]_GND_6_o_add_4_OUT_cy<20> (Madd_Operand1[31]_GND_6_o_add_4_OUT_cy<20>)
     MUXCY:CI->O           1   0.029   0.000  Madd_Operand1[31]_GND_6_o_add_4_OUT_cy<21> (Madd_Operand1[31]_GND_6_o_add_4_OUT_cy<21>)
     MUXCY:CI->O           1   0.029   0.000  Madd_Operand1[31]_GND_6_o_add_4_OUT_cy<22> (Madd_Operand1[31]_GND_6_o_add_4_OUT_cy<22>)
     MUXCY:CI->O           1   0.029   0.000  Madd_Operand1[31]_GND_6_o_add_4_OUT_cy<23> (Madd_Operand1[31]_GND_6_o_add_4_OUT_cy<23>)
     MUXCY:CI->O           1   0.029   0.000  Madd_Operand1[31]_GND_6_o_add_4_OUT_cy<24> (Madd_Operand1[31]_GND_6_o_add_4_OUT_cy<24>)
     MUXCY:CI->O           1   0.029   0.000  Madd_Operand1[31]_GND_6_o_add_4_OUT_cy<25> (Madd_Operand1[31]_GND_6_o_add_4_OUT_cy<25>)
     MUXCY:CI->O           1   0.029   0.000  Madd_Operand1[31]_GND_6_o_add_4_OUT_cy<26> (Madd_Operand1[31]_GND_6_o_add_4_OUT_cy<26>)
     MUXCY:CI->O           1   0.029   0.000  Madd_Operand1[31]_GND_6_o_add_4_OUT_cy<27> (Madd_Operand1[31]_GND_6_o_add_4_OUT_cy<27>)
     MUXCY:CI->O           1   0.029   0.000  Madd_Operand1[31]_GND_6_o_add_4_OUT_cy<28> (Madd_Operand1[31]_GND_6_o_add_4_OUT_cy<28>)
     MUXCY:CI->O           1   0.029   0.000  Madd_Operand1[31]_GND_6_o_add_4_OUT_cy<29> (Madd_Operand1[31]_GND_6_o_add_4_OUT_cy<29>)
     MUXCY:CI->O           0   0.029   0.000  Madd_Operand1[31]_GND_6_o_add_4_OUT_cy<30> (Madd_Operand1[31]_GND_6_o_add_4_OUT_cy<30>)
     XORCY:CI->O           1   0.510   0.000  Madd_Operand1[31]_GND_6_o_add_4_OUT_xor<31> (Operand1[31]_GND_6_o_add_4_OUT<31>)
     FDE:D                     0.030          S_33
    ----------------------------------------
    Total                      2.442ns (2.015ns logic, 0.427ns route)
                                       (82.5% logic, 17.5% route)

=========================================================================
Timing constraint: Default OFFSET OUT AFTER for Clock 'Clk'
  Total number of paths / destination ports: 64 / 64
-------------------------------------------------------------------------
Offset:              1.028ns (Levels of Logic = 1)
  Source:            P_1 (FF)
  Destination:       LowerB<0> (PAD)
  Source Clock:      Clk rising

  Data Path: P_1 to LowerB<0>
                                Gate     Net
    Cell:in->out      fanout   Delay   Delay  Logical Name (Net Name)
    ----------------------------------------  ------------
     FD:C->Q              26   0.478   0.550  P_1 (P_1)
     OBUF:I->O                 0.000          LowerB_0_OBUF (LowerB<0>)
    ----------------------------------------
    Total                      1.028ns (0.478ns logic, 0.550ns route)
                                       (46.5% logic, 53.5% route)

=========================================================================

Cross Clock Domains Report:
--------------------------

Clock to Setup on destination clock Clk
---------------+---------+---------+---------+---------+
               | Src:Rise| Src:Fall| Src:Rise| Src:Fall|
Source Clock   |Dest:Rise|Dest:Rise|Dest:Fall|Dest:Fall|
---------------+---------+---------+---------+---------+
Clk            |    3.932|         |         |         |
---------------+---------+---------+---------+---------+

=========================================================================


Total REAL time to Xst completion: 11.00 secs
Total CPU time to Xst completion: 11.01 secs
 
--> 

Total memory usage is 448036 kilobytes

Number of errors   :    0 (   0 filtered)
Number of warnings :    3 (   0 filtered)
Number of infos    :    3 (   0 filtered)

