Release 14.7 - xst P.20131013 (nt64)
Copyright (c) 1995-2013 Xilinx, Inc.  All rights reserved.
--> Parameter TMPDIR set to xst/projnav.tmp


Total REAL time to Xst completion: 1.00 secs
Total CPU time to Xst completion: 0.10 secs
 
--> Parameter xsthdpdir set to xst


Total REAL time to Xst completion: 1.00 secs
Total CPU time to Xst completion: 0.10 secs
 
--> Reading design: MULTU.prj

TABLE OF CONTENTS
  1) Synthesis Options Summary
  2) HDL Parsing
  3) HDL Elaboration
  4) HDL Synthesis
       4.1) HDL Synthesis Report
  5) Advanced HDL Synthesis
       5.1) Advanced HDL Synthesis Report
  6) Low Level Synthesis
  7) Partition Report
  8) Design Summary
       8.1) Primitive and Black Box Usage
       8.2) Device utilization summary
       8.3) Partition Resource Summary
       8.4) Timing Report
            8.4.1) Clock Information
            8.4.2) Asynchronous Control Signals Information
            8.4.3) Timing Summary
            8.4.4) Timing Details
            8.4.5) Cross Clock Domains Report


=========================================================================
*                      Synthesis Options Summary                        *
=========================================================================
---- Source Parameters
Input File Name                    : "MULTU.prj"
Ignore Synthesis Constraint File   : NO

---- Target Parameters
Output File Name                   : "MULTU"
Output Format                      : NGC
Target Device                      : xc7a100t-1-csg324

---- Source Options
Top Module Name                    : MULTU
Automatic FSM Extraction           : YES
FSM Encoding Algorithm             : Auto
Safe Implementation                : No
FSM Style                          : LUT
RAM Extraction                     : Yes
RAM Style                          : Auto
ROM Extraction                     : Yes
Shift Register Extraction          : YES
ROM Style                          : Auto
Resource Sharing                   : YES
Asynchronous To Synchronous        : NO
Shift Register Minimum Size        : 2
Use DSP Block                      : Auto
Automatic Register Balancing       : No

---- Target Options
LUT Combining                      : Auto
Reduce Control Sets                : Auto
Add IO Buffers                     : YES
Global Maximum Fanout              : 100000
Add Generic Clock Buffer(BUFG)     : 32
Register Duplication               : YES
Optimize Instantiated Primitives   : NO
Use Clock Enable                   : Auto
Use Synchronous Set                : Auto
Use Synchronous Reset              : Auto
Pack IO Registers into IOBs        : Auto
Equivalent register Removal        : YES

---- General Options
Optimization Goal                  : Speed
Optimization Effort                : 1
Power Reduction                    : NO
Keep Hierarchy                     : No
Netlist Hierarchy                  : As_Optimized
RTL Output                         : Yes
Global Optimization                : AllClockNets
Read Cores                         : YES
Write Timing Constraints           : NO
Cross Clock Analysis               : NO
Hierarchy Separator                : /
Bus Delimiter                      : <>
Case Specifier                     : Maintain
Slice Utilization Ratio            : 100
BRAM Utilization Ratio             : 100
DSP48 Utilization Ratio            : 100
Auto BRAM Packing                  : NO
Slice Utilization Ratio Delta      : 5

=========================================================================


=========================================================================
*                          HDL Parsing                                  *
=========================================================================
Parsing VHDL file "C:\CG3207\Lab2\MULTU.vhd" into library work
Parsing entity <MULTU>.
Parsing architecture <MULTU_ARCH> of entity <multu>.

=========================================================================
*                            HDL Elaboration                            *
=========================================================================

Elaborating entity <MULTU> (architecture <MULTU_ARCH>) with generics from library <work>.

=========================================================================
*                           HDL Synthesis                               *
=========================================================================

Synthesizing Unit <MULTU>.
    Related source file is "C:\CG3207\Lab2\MULTU.vhd".
        width = 32
    Found 5-bit register for signal <count>.
    Found 64-bit register for signal <temp_sum>.
    Found 5-bit adder for signal <count[4]_GND_6_o_add_3_OUT> created at line 66.
    Summary:
	inferred   1 Adder/Subtractor(s).
	inferred  69 D-type flip-flop(s).
	inferred   2 Multiplexer(s).
Unit <MULTU> synthesized.

=========================================================================
HDL Synthesis Report

Macro Statistics
# Adders/Subtractors                                   : 1
 5-bit adder                                           : 1
# Registers                                            : 2
 5-bit register                                        : 1
 64-bit register                                       : 1
# Multiplexers                                         : 2
 64-bit 2-to-1 multiplexer                             : 2

=========================================================================

=========================================================================
*                       Advanced HDL Synthesis                          *
=========================================================================


Synthesizing (advanced) Unit <MULTU>.
The following registers are absorbed into counter <count>: 1 register on signal <count>.
Unit <MULTU> synthesized (advanced).

=========================================================================
Advanced HDL Synthesis Report

Macro Statistics
# Counters                                             : 1
 5-bit up counter                                      : 1
# Registers                                            : 64
 Flip-Flops                                            : 64
# Multiplexers                                         : 65
 1-bit 2-to-1 multiplexer                              : 64
 64-bit 2-to-1 multiplexer                             : 1

=========================================================================

=========================================================================
*                         Low Level Synthesis                           *
=========================================================================

Optimizing unit <MULTU> ...

Mapping all equations...
Building and optimizing final netlist ...
Found area constraint ratio of 100 (+ 5) on block MULTU, actual ratio is 0.

Final Macro Processing ...

=========================================================================
Final Register Report

Macro Statistics
# Registers                                            : 69
 Flip-Flops                                            : 69

=========================================================================

=========================================================================
*                           Partition Report                            *
=========================================================================

Partition Implementation Status
-------------------------------

  No Partitions were found in this design.

-------------------------------

=========================================================================
*                            Design Summary                             *
=========================================================================

Top Level Output File Name         : MULTU.ngc

Primitive and Black Box Usage:
------------------------------
# BELS                             : 71
#      INV                         : 2
#      LUT2                        : 1
#      LUT3                        : 2
#      LUT4                        : 64
#      LUT5                        : 2
# FlipFlops/Latches                : 69
#      FD                          : 64
#      FDR                         : 5
# Clock Buffers                    : 1
#      BUFGP                       : 1
# IO Buffers                       : 129
#      IBUF                        : 65
#      OBUF                        : 64

Device utilization summary:
---------------------------

Selected Device : 7a100tcsg324-1 


Slice Logic Utilization: 
 Number of Slice Registers:              69  out of  126800     0%  
 Number of Slice LUTs:                   71  out of  63400     0%  
    Number used as Logic:                71  out of  63400     0%  

Slice Logic Distribution: 
 Number of LUT Flip Flop pairs used:     71
   Number with an unused Flip Flop:       2  out of     71     2%  
   Number with an unused LUT:             0  out of     71     0%  
   Number of fully used LUT-FF pairs:    69  out of     71    97%  
   Number of unique control sets:         2

IO Utilization: 
 Number of IOs:                         130
 Number of bonded IOBs:                 130  out of    210    61%  

Specific Feature Utilization:
 Number of BUFG/BUFGCTRLs:                1  out of     32     3%  

---------------------------
Partition Resource Summary:
---------------------------

  No Partitions were found in this design.

---------------------------


=========================================================================
Timing Report

NOTE: THESE TIMING NUMBERS ARE ONLY A SYNTHESIS ESTIMATE.
      FOR ACCURATE TIMING INFORMATION PLEASE REFER TO THE TRACE REPORT
      GENERATED AFTER PLACE-and-ROUTE.

Clock Information:
------------------
-----------------------------------+------------------------+-------+
Clock Signal                       | Clock buffer(FF name)  | Load  |
-----------------------------------+------------------------+-------+
Clk                                | BUFGP                  | 69    |
-----------------------------------+------------------------+-------+

Asynchronous Control Signals Information:
----------------------------------------
No asynchronous control signals found in this design

Timing Summary:
---------------
Speed Grade: -1

   Minimum period: 2.262ns (Maximum Frequency: 442.177MHz)
   Minimum input arrival time before clock: 1.626ns
   Maximum output required time after clock: 0.883ns
   Maximum combinational path delay: No path found

Timing Details:
---------------
All values displayed in nanoseconds (ns)

=========================================================================
Timing constraint: Default period analysis for Clock 'Clk'
  Clock period: 2.262ns (frequency: 442.177MHz)
  Total number of paths / destination ports: 398 / 69
-------------------------------------------------------------------------
Delay:               2.262ns (Levels of Logic = 2)
  Source:            count_4 (FF)
  Destination:       temp_sum_0 (FF)
  Source Clock:      Clk rising
  Destination Clock: Clk rising

  Data Path: count_4 to temp_sum_0
                                Gate     Net
    Cell:in->out      fanout   Delay   Delay  Logical Name (Net Name)
    ----------------------------------------  ------------
     FDR:C->Q              2   0.478   0.925  count_4 (count_4)
     LUT5:I0->O           64   0.124   0.581  count[4]_GND_6_o_equal_1_o<4>1 (count[4]_GND_6_o_equal_1_o)
     LUT4:I3->O            1   0.124   0.000  Mmux_Operand1[31]_GND_6_o_mux_4_OUT641 (Operand1[31]_GND_6_o_mux_4_OUT<9>)
     FD:D                      0.030          temp_sum_9
    ----------------------------------------
    Total                      2.262ns (0.756ns logic, 1.506ns route)
                                       (33.4% logic, 66.6% route)

=========================================================================
Timing constraint: Default OFFSET IN BEFORE for Clock 'Clk'
  Total number of paths / destination ports: 133 / 69
-------------------------------------------------------------------------
Offset:              1.626ns (Levels of Logic = 2)
  Source:            EnableU (PAD)
  Destination:       count_0 (FF)
  Destination Clock: Clk rising

  Data Path: EnableU to count_0
                                Gate     Net
    Cell:in->out      fanout   Delay   Delay  Logical Name (Net Name)
    ----------------------------------------  ------------
     IBUF:I->O            65   0.001   0.559  EnableU_IBUF (EnableU_IBUF)
     INV:I->O              5   0.146   0.426  EnableU_inv1_INV_0 (EnableU_inv)
     FDR:R                     0.494          count_0
    ----------------------------------------
    Total                      1.626ns (0.641ns logic, 0.985ns route)
                                       (39.4% logic, 60.6% route)

=========================================================================
Timing constraint: Default OFFSET OUT AFTER for Clock 'Clk'
  Total number of paths / destination ports: 64 / 64
-------------------------------------------------------------------------
Offset:              0.883ns (Levels of Logic = 1)
  Source:            temp_sum_31 (FF)
  Destination:       LowerU<31> (PAD)
  Source Clock:      Clk rising

  Data Path: temp_sum_31 to LowerU<31>
                                Gate     Net
    Cell:in->out      fanout   Delay   Delay  Logical Name (Net Name)
    ----------------------------------------  ------------
     FD:C->Q               2   0.478   0.405  temp_sum_31 (temp_sum_31)
     OBUF:I->O                 0.000          LowerU_31_OBUF (LowerU<31>)
    ----------------------------------------
    Total                      0.883ns (0.478ns logic, 0.405ns route)
                                       (54.1% logic, 45.9% route)

=========================================================================

Cross Clock Domains Report:
--------------------------

Clock to Setup on destination clock Clk
---------------+---------+---------+---------+---------+
               | Src:Rise| Src:Fall| Src:Rise| Src:Fall|
Source Clock   |Dest:Rise|Dest:Rise|Dest:Fall|Dest:Fall|
---------------+---------+---------+---------+---------+
Clk            |    2.262|         |         |         |
---------------+---------+---------+---------+---------+

=========================================================================


Total REAL time to Xst completion: 12.00 secs
Total CPU time to Xst completion: 11.25 secs
 
--> 

Total memory usage is 424612 kilobytes

Number of errors   :    0 (   0 filtered)
Number of warnings :    0 (   0 filtered)
Number of infos    :    0 (   0 filtered)

