Release 14.7 - xst P.20131013 (nt64)
Copyright (c) 1995-2013 Xilinx, Inc.  All rights reserved.
--> Parameter TMPDIR set to xst/projnav.tmp


Total REAL time to Xst completion: 0.00 secs
Total CPU time to Xst completion: 0.10 secs
 
--> Parameter xsthdpdir set to xst


Total REAL time to Xst completion: 0.00 secs
Total CPU time to Xst completion: 0.10 secs
 
--> Reading design: SL_LOGI.prj

TABLE OF CONTENTS
  1) Synthesis Options Summary
  2) HDL Parsing
  3) HDL Elaboration
  4) HDL Synthesis
       4.1) HDL Synthesis Report
  5) Advanced HDL Synthesis
       5.1) Advanced HDL Synthesis Report
  6) Low Level Synthesis
  7) Partition Report
  8) Design Summary
       8.1) Primitive and Black Box Usage
       8.2) Device utilization summary
       8.3) Partition Resource Summary
       8.4) Timing Report
            8.4.1) Clock Information
            8.4.2) Asynchronous Control Signals Information
            8.4.3) Timing Summary
            8.4.4) Timing Details
            8.4.5) Cross Clock Domains Report


=========================================================================
*                      Synthesis Options Summary                        *
=========================================================================
---- Source Parameters
Input File Name                    : "SL_LOGI.prj"
Ignore Synthesis Constraint File   : NO

---- Target Parameters
Output File Name                   : "SL_LOGI"
Output Format                      : NGC
Target Device                      : xc7a100t-1-csg324

---- Source Options
Top Module Name                    : SL_LOGI
Automatic FSM Extraction           : YES
FSM Encoding Algorithm             : Auto
Safe Implementation                : No
FSM Style                          : LUT
RAM Extraction                     : Yes
RAM Style                          : Auto
ROM Extraction                     : Yes
Shift Register Extraction          : YES
ROM Style                          : Auto
Resource Sharing                   : YES
Asynchronous To Synchronous        : NO
Shift Register Minimum Size        : 2
Use DSP Block                      : Auto
Automatic Register Balancing       : No

---- Target Options
LUT Combining                      : Auto
Reduce Control Sets                : Auto
Add IO Buffers                     : YES
Global Maximum Fanout              : 100000
Add Generic Clock Buffer(BUFG)     : 32
Register Duplication               : YES
Optimize Instantiated Primitives   : NO
Use Clock Enable                   : Auto
Use Synchronous Set                : Auto
Use Synchronous Reset              : Auto
Pack IO Registers into IOBs        : Auto
Equivalent register Removal        : YES

---- General Options
Optimization Goal                  : Speed
Optimization Effort                : 1
Power Reduction                    : NO
Keep Hierarchy                     : No
Netlist Hierarchy                  : As_Optimized
RTL Output                         : Yes
Global Optimization                : AllClockNets
Read Cores                         : YES
Write Timing Constraints           : NO
Cross Clock Analysis               : NO
Hierarchy Separator                : /
Bus Delimiter                      : <>
Case Specifier                     : Maintain
Slice Utilization Ratio            : 100
BRAM Utilization Ratio             : 100
DSP48 Utilization Ratio            : 100
Auto BRAM Packing                  : NO
Slice Utilization Ratio Delta      : 5

=========================================================================


=========================================================================
*                          HDL Parsing                                  *
=========================================================================
Parsing VHDL file "C:\CG3207\Lab2\SL_LOGI.vhd" into library work
Parsing entity <SL_LOGI>.
Parsing architecture <SL_LOGI> of entity <sl_logi>.

=========================================================================
*                            HDL Elaboration                            *
=========================================================================

Elaborating entity <SL_LOGI> (architecture <SL_LOGI>) with generics from library <work>.

=========================================================================
*                           HDL Synthesis                               *
=========================================================================

Synthesizing Unit <SL_LOGI>.
    Related source file is "C:\CG3207\Lab2\SL_LOGI.vhd".
        width = 32
    Found 32-bit register for signal <X>.
    Found 1-bit register for signal <flag>.
    Found 32-bit register for signal <Y>.
    Summary:
	inferred  65 D-type flip-flop(s).
	inferred  18 Multiplexer(s).
Unit <SL_LOGI> synthesized.

=========================================================================
HDL Synthesis Report

Macro Statistics
# Registers                                            : 3
 1-bit register                                        : 1
 32-bit register                                       : 2
# Multiplexers                                         : 18
 1-bit 2-to-1 multiplexer                              : 10
 32-bit 2-to-1 multiplexer                             : 8

=========================================================================

=========================================================================
*                       Advanced HDL Synthesis                          *
=========================================================================


=========================================================================
Advanced HDL Synthesis Report

Macro Statistics
# Registers                                            : 65
 Flip-Flops                                            : 65
# Multiplexers                                         : 49
 1-bit 2-to-1 multiplexer                              : 42
 32-bit 2-to-1 multiplexer                             : 7

=========================================================================

=========================================================================
*                         Low Level Synthesis                           *
=========================================================================
WARNING:Xst:2677 - Node <Y_5> of sequential type is unconnected in block <SL_LOGI>.
WARNING:Xst:2677 - Node <Y_6> of sequential type is unconnected in block <SL_LOGI>.
WARNING:Xst:2677 - Node <Y_7> of sequential type is unconnected in block <SL_LOGI>.
WARNING:Xst:2677 - Node <Y_8> of sequential type is unconnected in block <SL_LOGI>.
WARNING:Xst:2677 - Node <Y_9> of sequential type is unconnected in block <SL_LOGI>.
WARNING:Xst:2677 - Node <Y_10> of sequential type is unconnected in block <SL_LOGI>.
WARNING:Xst:2677 - Node <Y_11> of sequential type is unconnected in block <SL_LOGI>.
WARNING:Xst:2677 - Node <Y_12> of sequential type is unconnected in block <SL_LOGI>.
WARNING:Xst:2677 - Node <Y_13> of sequential type is unconnected in block <SL_LOGI>.
WARNING:Xst:2677 - Node <Y_14> of sequential type is unconnected in block <SL_LOGI>.
WARNING:Xst:2677 - Node <Y_15> of sequential type is unconnected in block <SL_LOGI>.
WARNING:Xst:2677 - Node <Y_16> of sequential type is unconnected in block <SL_LOGI>.
WARNING:Xst:2677 - Node <Y_17> of sequential type is unconnected in block <SL_LOGI>.
WARNING:Xst:2677 - Node <Y_18> of sequential type is unconnected in block <SL_LOGI>.
WARNING:Xst:2677 - Node <Y_19> of sequential type is unconnected in block <SL_LOGI>.
WARNING:Xst:2677 - Node <Y_20> of sequential type is unconnected in block <SL_LOGI>.
WARNING:Xst:2677 - Node <Y_21> of sequential type is unconnected in block <SL_LOGI>.
WARNING:Xst:2677 - Node <Y_22> of sequential type is unconnected in block <SL_LOGI>.
WARNING:Xst:2677 - Node <Y_23> of sequential type is unconnected in block <SL_LOGI>.
WARNING:Xst:2677 - Node <Y_24> of sequential type is unconnected in block <SL_LOGI>.
WARNING:Xst:2677 - Node <Y_25> of sequential type is unconnected in block <SL_LOGI>.
WARNING:Xst:2677 - Node <Y_26> of sequential type is unconnected in block <SL_LOGI>.
WARNING:Xst:2677 - Node <Y_27> of sequential type is unconnected in block <SL_LOGI>.
WARNING:Xst:2677 - Node <Y_28> of sequential type is unconnected in block <SL_LOGI>.
WARNING:Xst:2677 - Node <Y_29> of sequential type is unconnected in block <SL_LOGI>.
WARNING:Xst:2677 - Node <Y_30> of sequential type is unconnected in block <SL_LOGI>.
WARNING:Xst:2677 - Node <Y_31> of sequential type is unconnected in block <SL_LOGI>.

Optimizing unit <SL_LOGI> ...

Mapping all equations...
Building and optimizing final netlist ...
Found area constraint ratio of 100 (+ 5) on block SL_LOGI, actual ratio is 0.
FlipFlop Y_0 has been replicated 1 time(s)
FlipFlop Y_1 has been replicated 2 time(s)
FlipFlop flag has been replicated 2 time(s)

Final Macro Processing ...

=========================================================================
Final Register Report

Macro Statistics
# Registers                                            : 43
 Flip-Flops                                            : 43

=========================================================================

=========================================================================
*                           Partition Report                            *
=========================================================================

Partition Implementation Status
-------------------------------

  No Partitions were found in this design.

-------------------------------

=========================================================================
*                            Design Summary                             *
=========================================================================

Top Level Output File Name         : SL_LOGI.ngc

Primitive and Black Box Usage:
------------------------------
# BELS                             : 186
#      LUT2                        : 3
#      LUT3                        : 38
#      LUT4                        : 10
#      LUT5                        : 31
#      LUT6                        : 87
#      MUXF7                       : 17
# FlipFlops/Latches                : 43
#      FD                          : 40
#      FDS                         : 3
# Clock Buffers                    : 1
#      BUFGP                       : 1
# IO Buffers                       : 70
#      IBUF                        : 38
#      OBUF                        : 32

Device utilization summary:
---------------------------

Selected Device : 7a100tcsg324-1 


Slice Logic Utilization: 
 Number of Slice Registers:              43  out of  126800     0%  
 Number of Slice LUTs:                  169  out of  63400     0%  
    Number used as Logic:               169  out of  63400     0%  

Slice Logic Distribution: 
 Number of LUT Flip Flop pairs used:    172
   Number with an unused Flip Flop:     129  out of    172    75%  
   Number with an unused LUT:             3  out of    172     1%  
   Number of fully used LUT-FF pairs:    40  out of    172    23%  
   Number of unique control sets:         2

IO Utilization: 
 Number of IOs:                          98
 Number of bonded IOBs:                  71  out of    210    33%  

Specific Feature Utilization:
 Number of BUFG/BUFGCTRLs:                1  out of     32     3%  

---------------------------
Partition Resource Summary:
---------------------------

  No Partitions were found in this design.

---------------------------


=========================================================================
Timing Report

NOTE: THESE TIMING NUMBERS ARE ONLY A SYNTHESIS ESTIMATE.
      FOR ACCURATE TIMING INFORMATION PLEASE REFER TO THE TRACE REPORT
      GENERATED AFTER PLACE-and-ROUTE.

Clock Information:
------------------
-----------------------------------+------------------------+-------+
Clock Signal                       | Clock buffer(FF name)  | Load  |
-----------------------------------+------------------------+-------+
Clk                                | BUFGP                  | 43    |
-----------------------------------+------------------------+-------+

Asynchronous Control Signals Information:
----------------------------------------
No asynchronous control signals found in this design

Timing Summary:
---------------
Speed Grade: -1

   Minimum period: 3.928ns (Maximum Frequency: 254.582MHz)
   Minimum input arrival time before clock: 3.620ns
   Maximum output required time after clock: 0.943ns
   Maximum combinational path delay: No path found

Timing Details:
---------------
All values displayed in nanoseconds (ns)

=========================================================================
Timing constraint: Default period analysis for Clock 'Clk'
  Clock period: 3.928ns (frequency: 254.582MHz)
  Total number of paths / destination ports: 1599 / 43
-------------------------------------------------------------------------
Delay:               3.928ns (Levels of Logic = 4)
  Source:            X_12 (FF)
  Destination:       X_27 (FF)
  Source Clock:      Clk rising
  Destination Clock: Clk rising

  Data Path: X_12 to X_27
                                Gate     Net
    Cell:in->out      fanout   Delay   Delay  Logical Name (Net Name)
    ----------------------------------------  ------------
     FD:C->Q               6   0.478   0.952  X_12 (X_12)
     LUT6:I1->O            1   0.124   0.000  Y<1>221_G (N57)
     MUXF7:I1->O           6   0.368   0.809  Y<1>221 (Y<1>_mmx_out4)
     LUT6:I2->O            1   0.124   0.919  Mmux_X[31]_X[31]_mux_7_OUT241 (Mmux_X[31]_X[31]_mux_7_OUT24)
     LUT6:I1->O            1   0.124   0.000  Mmux_X[31]_X[31]_mux_7_OUT243 (X[31]_X[31]_mux_7_OUT<27>)
     FD:D                      0.030          X_27
    ----------------------------------------
    Total                      3.928ns (1.248ns logic, 2.680ns route)
                                       (31.8% logic, 68.2% route)

=========================================================================
Timing constraint: Default OFFSET IN BEFORE for Clock 'Clk'
  Total number of paths / destination ports: 661 / 43
-------------------------------------------------------------------------
Offset:              3.620ns (Levels of Logic = 5)
  Source:            Operand1<25> (PAD)
  Destination:       X_27 (FF)
  Destination Clock: Clk rising

  Data Path: Operand1<25> to X_27
                                Gate     Net
    Cell:in->out      fanout   Delay   Delay  Logical Name (Net Name)
    ----------------------------------------  ------------
     IBUF:I->O             2   0.001   0.722  Operand1_25_IBUF (Operand1_25_IBUF)
     LUT3:I0->O            3   0.124   0.730  flag_INV_1_o91 (flag_INV_1_o_mmx_out17)
     LUT5:I2->O            2   0.124   0.722  Y<1>91 (Y<1>_mmx_out17)
     LUT6:I3->O            1   0.124   0.919  Mmux_X[31]_X[31]_mux_7_OUT241 (Mmux_X[31]_X[31]_mux_7_OUT24)
     LUT6:I1->O            1   0.124   0.000  Mmux_X[31]_X[31]_mux_7_OUT243 (X[31]_X[31]_mux_7_OUT<27>)
     FD:D                      0.030          X_27
    ----------------------------------------
    Total                      3.620ns (0.527ns logic, 3.093ns route)
                                       (14.6% logic, 85.4% route)

=========================================================================
Timing constraint: Default OFFSET OUT AFTER for Clock 'Clk'
  Total number of paths / destination ports: 32 / 32
-------------------------------------------------------------------------
Offset:              0.943ns (Levels of Logic = 1)
  Source:            X_27 (FF)
  Destination:       Output_SLL<27> (PAD)
  Source Clock:      Clk rising

  Data Path: X_27 to Output_SLL<27>
                                Gate     Net
    Cell:in->out      fanout   Delay   Delay  Logical Name (Net Name)
    ----------------------------------------  ------------
     FD:C->Q              11   0.478   0.465  X_27 (X_27)
     OBUF:I->O                 0.000          Output_SLL_27_OBUF (Output_SLL<27>)
    ----------------------------------------
    Total                      0.943ns (0.478ns logic, 0.465ns route)
                                       (50.7% logic, 49.3% route)

=========================================================================

Cross Clock Domains Report:
--------------------------

Clock to Setup on destination clock Clk
---------------+---------+---------+---------+---------+
               | Src:Rise| Src:Fall| Src:Rise| Src:Fall|
Source Clock   |Dest:Rise|Dest:Rise|Dest:Fall|Dest:Fall|
---------------+---------+---------+---------+---------+
Clk            |    3.928|         |         |         |
---------------+---------+---------+---------+---------+

=========================================================================


Total REAL time to Xst completion: 12.00 secs
Total CPU time to Xst completion: 12.11 secs
 
--> 

Total memory usage is 420132 kilobytes

Number of errors   :    0 (   0 filtered)
Number of warnings :   27 (   0 filtered)
Number of infos    :    0 (   0 filtered)

