Release 14.7 - xst P.20131013 (nt64)
Copyright (c) 1995-2013 Xilinx, Inc.  All rights reserved.
--> Parameter TMPDIR set to xst/projnav.tmp


Total REAL time to Xst completion: 1.00 secs
Total CPU time to Xst completion: 0.10 secs
 
--> Parameter xsthdpdir set to xst


Total REAL time to Xst completion: 1.00 secs
Total CPU time to Xst completion: 0.10 secs
 
--> Reading design: SLT.prj

TABLE OF CONTENTS
  1) Synthesis Options Summary
  2) HDL Parsing
  3) HDL Elaboration
  4) HDL Synthesis
       4.1) HDL Synthesis Report
  5) Advanced HDL Synthesis
       5.1) Advanced HDL Synthesis Report
  6) Low Level Synthesis
  7) Partition Report
  8) Design Summary
       8.1) Primitive and Black Box Usage
       8.2) Device utilization summary
       8.3) Partition Resource Summary
       8.4) Timing Report
            8.4.1) Clock Information
            8.4.2) Asynchronous Control Signals Information
            8.4.3) Timing Summary
            8.4.4) Timing Details
            8.4.5) Cross Clock Domains Report


=========================================================================
*                      Synthesis Options Summary                        *
=========================================================================
---- Source Parameters
Input File Name                    : "SLT.prj"
Ignore Synthesis Constraint File   : NO

---- Target Parameters
Output File Name                   : "SLT"
Output Format                      : NGC
Target Device                      : xc7a100t-1-csg324

---- Source Options
Top Module Name                    : SLT
Automatic FSM Extraction           : YES
FSM Encoding Algorithm             : Auto
Safe Implementation                : No
FSM Style                          : LUT
RAM Extraction                     : Yes
RAM Style                          : Auto
ROM Extraction                     : Yes
Shift Register Extraction          : YES
ROM Style                          : Auto
Resource Sharing                   : YES
Asynchronous To Synchronous        : NO
Shift Register Minimum Size        : 2
Use DSP Block                      : Auto
Automatic Register Balancing       : No

---- Target Options
LUT Combining                      : Auto
Reduce Control Sets                : Auto
Add IO Buffers                     : YES
Global Maximum Fanout              : 100000
Add Generic Clock Buffer(BUFG)     : 32
Register Duplication               : YES
Optimize Instantiated Primitives   : NO
Use Clock Enable                   : Auto
Use Synchronous Set                : Auto
Use Synchronous Reset              : Auto
Pack IO Registers into IOBs        : Auto
Equivalent register Removal        : YES

---- General Options
Optimization Goal                  : Speed
Optimization Effort                : 1
Power Reduction                    : NO
Keep Hierarchy                     : No
Netlist Hierarchy                  : As_Optimized
RTL Output                         : Yes
Global Optimization                : AllClockNets
Read Cores                         : YES
Write Timing Constraints           : NO
Cross Clock Analysis               : NO
Hierarchy Separator                : /
Bus Delimiter                      : <>
Case Specifier                     : Maintain
Slice Utilization Ratio            : 100
BRAM Utilization Ratio             : 100
DSP48 Utilization Ratio            : 100
Auto BRAM Packing                  : NO
Slice Utilization Ratio Delta      : 5

=========================================================================


=========================================================================
*                          HDL Parsing                                  *
=========================================================================
Parsing VHDL file "C:\CG3207\Lab2\SLT.vhd" into library work
Parsing entity <SLT>.
Parsing architecture <SLT_ARCH> of entity <slt>.

=========================================================================
*                            HDL Elaboration                            *
=========================================================================

Elaborating entity <SLT> (architecture <SLT_ARCH>) from library <work>.

=========================================================================
*                           HDL Synthesis                               *
=========================================================================

Synthesizing Unit <SLT>.
    Related source file is "C:\CG3207\Lab2\SLT.vhd".
    Found 32-bit register for signal <temp_result>.
    Found 33-bit subtractor for signal <n0009> created at line 55.
    Summary:
	inferred   1 Adder/Subtractor(s).
	inferred  32 D-type flip-flop(s).
Unit <SLT> synthesized.

=========================================================================
HDL Synthesis Report

Macro Statistics
# Adders/Subtractors                                   : 1
 33-bit subtractor                                     : 1
# Registers                                            : 1
 32-bit register                                       : 1

=========================================================================

=========================================================================
*                       Advanced HDL Synthesis                          *
=========================================================================

WARNING:Xst:1293 - FF/Latch <temp_result_31> has a constant value of 0 in block <SLT>. This FF/Latch will be trimmed during the optimization process.
WARNING:Xst:1896 - Due to other FF/Latch trimming, FF/Latch <temp_result_30> has a constant value of 0 in block <SLT>. This FF/Latch will be trimmed during the optimization process.
WARNING:Xst:1896 - Due to other FF/Latch trimming, FF/Latch <temp_result_29> has a constant value of 0 in block <SLT>. This FF/Latch will be trimmed during the optimization process.
WARNING:Xst:1896 - Due to other FF/Latch trimming, FF/Latch <temp_result_28> has a constant value of 0 in block <SLT>. This FF/Latch will be trimmed during the optimization process.
WARNING:Xst:1896 - Due to other FF/Latch trimming, FF/Latch <temp_result_27> has a constant value of 0 in block <SLT>. This FF/Latch will be trimmed during the optimization process.
WARNING:Xst:1896 - Due to other FF/Latch trimming, FF/Latch <temp_result_26> has a constant value of 0 in block <SLT>. This FF/Latch will be trimmed during the optimization process.
WARNING:Xst:1896 - Due to other FF/Latch trimming, FF/Latch <temp_result_25> has a constant value of 0 in block <SLT>. This FF/Latch will be trimmed during the optimization process.
WARNING:Xst:1896 - Due to other FF/Latch trimming, FF/Latch <temp_result_24> has a constant value of 0 in block <SLT>. This FF/Latch will be trimmed during the optimization process.
WARNING:Xst:1896 - Due to other FF/Latch trimming, FF/Latch <temp_result_23> has a constant value of 0 in block <SLT>. This FF/Latch will be trimmed during the optimization process.
WARNING:Xst:1896 - Due to other FF/Latch trimming, FF/Latch <temp_result_22> has a constant value of 0 in block <SLT>. This FF/Latch will be trimmed during the optimization process.
WARNING:Xst:1896 - Due to other FF/Latch trimming, FF/Latch <temp_result_21> has a constant value of 0 in block <SLT>. This FF/Latch will be trimmed during the optimization process.
WARNING:Xst:1896 - Due to other FF/Latch trimming, FF/Latch <temp_result_20> has a constant value of 0 in block <SLT>. This FF/Latch will be trimmed during the optimization process.
WARNING:Xst:1896 - Due to other FF/Latch trimming, FF/Latch <temp_result_19> has a constant value of 0 in block <SLT>. This FF/Latch will be trimmed during the optimization process.
WARNING:Xst:1896 - Due to other FF/Latch trimming, FF/Latch <temp_result_18> has a constant value of 0 in block <SLT>. This FF/Latch will be trimmed during the optimization process.
WARNING:Xst:1896 - Due to other FF/Latch trimming, FF/Latch <temp_result_17> has a constant value of 0 in block <SLT>. This FF/Latch will be trimmed during the optimization process.
WARNING:Xst:1896 - Due to other FF/Latch trimming, FF/Latch <temp_result_16> has a constant value of 0 in block <SLT>. This FF/Latch will be trimmed during the optimization process.
WARNING:Xst:1896 - Due to other FF/Latch trimming, FF/Latch <temp_result_15> has a constant value of 0 in block <SLT>. This FF/Latch will be trimmed during the optimization process.
WARNING:Xst:1896 - Due to other FF/Latch trimming, FF/Latch <temp_result_14> has a constant value of 0 in block <SLT>. This FF/Latch will be trimmed during the optimization process.
WARNING:Xst:1896 - Due to other FF/Latch trimming, FF/Latch <temp_result_13> has a constant value of 0 in block <SLT>. This FF/Latch will be trimmed during the optimization process.
WARNING:Xst:1896 - Due to other FF/Latch trimming, FF/Latch <temp_result_12> has a constant value of 0 in block <SLT>. This FF/Latch will be trimmed during the optimization process.
WARNING:Xst:1896 - Due to other FF/Latch trimming, FF/Latch <temp_result_11> has a constant value of 0 in block <SLT>. This FF/Latch will be trimmed during the optimization process.
WARNING:Xst:1896 - Due to other FF/Latch trimming, FF/Latch <temp_result_10> has a constant value of 0 in block <SLT>. This FF/Latch will be trimmed during the optimization process.
WARNING:Xst:1896 - Due to other FF/Latch trimming, FF/Latch <temp_result_9> has a constant value of 0 in block <SLT>. This FF/Latch will be trimmed during the optimization process.
WARNING:Xst:1896 - Due to other FF/Latch trimming, FF/Latch <temp_result_8> has a constant value of 0 in block <SLT>. This FF/Latch will be trimmed during the optimization process.
WARNING:Xst:1896 - Due to other FF/Latch trimming, FF/Latch <temp_result_7> has a constant value of 0 in block <SLT>. This FF/Latch will be trimmed during the optimization process.
WARNING:Xst:1896 - Due to other FF/Latch trimming, FF/Latch <temp_result_6> has a constant value of 0 in block <SLT>. This FF/Latch will be trimmed during the optimization process.
WARNING:Xst:1896 - Due to other FF/Latch trimming, FF/Latch <temp_result_5> has a constant value of 0 in block <SLT>. This FF/Latch will be trimmed during the optimization process.
WARNING:Xst:1896 - Due to other FF/Latch trimming, FF/Latch <temp_result_4> has a constant value of 0 in block <SLT>. This FF/Latch will be trimmed during the optimization process.
WARNING:Xst:1896 - Due to other FF/Latch trimming, FF/Latch <temp_result_3> has a constant value of 0 in block <SLT>. This FF/Latch will be trimmed during the optimization process.
WARNING:Xst:1896 - Due to other FF/Latch trimming, FF/Latch <temp_result_2> has a constant value of 0 in block <SLT>. This FF/Latch will be trimmed during the optimization process.
WARNING:Xst:1896 - Due to other FF/Latch trimming, FF/Latch <temp_result_1> has a constant value of 0 in block <SLT>. This FF/Latch will be trimmed during the optimization process.

=========================================================================
Advanced HDL Synthesis Report

Macro Statistics
# Adders/Subtractors                                   : 1
 32-bit subtractor                                     : 1
# Registers                                            : 32
 Flip-Flops                                            : 32

=========================================================================

=========================================================================
*                         Low Level Synthesis                           *
=========================================================================
WARNING:Xst:1293 - FF/Latch <temp_result_31> has a constant value of 0 in block <SLT>. This FF/Latch will be trimmed during the optimization process.
WARNING:Xst:1896 - Due to other FF/Latch trimming, FF/Latch <temp_result_30> has a constant value of 0 in block <SLT>. This FF/Latch will be trimmed during the optimization process.
WARNING:Xst:1896 - Due to other FF/Latch trimming, FF/Latch <temp_result_29> has a constant value of 0 in block <SLT>. This FF/Latch will be trimmed during the optimization process.
WARNING:Xst:1896 - Due to other FF/Latch trimming, FF/Latch <temp_result_28> has a constant value of 0 in block <SLT>. This FF/Latch will be trimmed during the optimization process.
WARNING:Xst:1896 - Due to other FF/Latch trimming, FF/Latch <temp_result_27> has a constant value of 0 in block <SLT>. This FF/Latch will be trimmed during the optimization process.
WARNING:Xst:1896 - Due to other FF/Latch trimming, FF/Latch <temp_result_26> has a constant value of 0 in block <SLT>. This FF/Latch will be trimmed during the optimization process.
WARNING:Xst:1896 - Due to other FF/Latch trimming, FF/Latch <temp_result_25> has a constant value of 0 in block <SLT>. This FF/Latch will be trimmed during the optimization process.
WARNING:Xst:1896 - Due to other FF/Latch trimming, FF/Latch <temp_result_24> has a constant value of 0 in block <SLT>. This FF/Latch will be trimmed during the optimization process.
WARNING:Xst:1896 - Due to other FF/Latch trimming, FF/Latch <temp_result_23> has a constant value of 0 in block <SLT>. This FF/Latch will be trimmed during the optimization process.
WARNING:Xst:1896 - Due to other FF/Latch trimming, FF/Latch <temp_result_22> has a constant value of 0 in block <SLT>. This FF/Latch will be trimmed during the optimization process.
WARNING:Xst:1896 - Due to other FF/Latch trimming, FF/Latch <temp_result_21> has a constant value of 0 in block <SLT>. This FF/Latch will be trimmed during the optimization process.
WARNING:Xst:1896 - Due to other FF/Latch trimming, FF/Latch <temp_result_20> has a constant value of 0 in block <SLT>. This FF/Latch will be trimmed during the optimization process.
WARNING:Xst:1896 - Due to other FF/Latch trimming, FF/Latch <temp_result_19> has a constant value of 0 in block <SLT>. This FF/Latch will be trimmed during the optimization process.
WARNING:Xst:1896 - Due to other FF/Latch trimming, FF/Latch <temp_result_18> has a constant value of 0 in block <SLT>. This FF/Latch will be trimmed during the optimization process.
WARNING:Xst:1896 - Due to other FF/Latch trimming, FF/Latch <temp_result_17> has a constant value of 0 in block <SLT>. This FF/Latch will be trimmed during the optimization process.
WARNING:Xst:1896 - Due to other FF/Latch trimming, FF/Latch <temp_result_16> has a constant value of 0 in block <SLT>. This FF/Latch will be trimmed during the optimization process.
WARNING:Xst:1896 - Due to other FF/Latch trimming, FF/Latch <temp_result_15> has a constant value of 0 in block <SLT>. This FF/Latch will be trimmed during the optimization process.
WARNING:Xst:1896 - Due to other FF/Latch trimming, FF/Latch <temp_result_14> has a constant value of 0 in block <SLT>. This FF/Latch will be trimmed during the optimization process.
WARNING:Xst:1896 - Due to other FF/Latch trimming, FF/Latch <temp_result_13> has a constant value of 0 in block <SLT>. This FF/Latch will be trimmed during the optimization process.
WARNING:Xst:1896 - Due to other FF/Latch trimming, FF/Latch <temp_result_12> has a constant value of 0 in block <SLT>. This FF/Latch will be trimmed during the optimization process.
WARNING:Xst:1896 - Due to other FF/Latch trimming, FF/Latch <temp_result_11> has a constant value of 0 in block <SLT>. This FF/Latch will be trimmed during the optimization process.
WARNING:Xst:1896 - Due to other FF/Latch trimming, FF/Latch <temp_result_10> has a constant value of 0 in block <SLT>. This FF/Latch will be trimmed during the optimization process.
WARNING:Xst:1896 - Due to other FF/Latch trimming, FF/Latch <temp_result_9> has a constant value of 0 in block <SLT>. This FF/Latch will be trimmed during the optimization process.
WARNING:Xst:1896 - Due to other FF/Latch trimming, FF/Latch <temp_result_8> has a constant value of 0 in block <SLT>. This FF/Latch will be trimmed during the optimization process.
WARNING:Xst:1896 - Due to other FF/Latch trimming, FF/Latch <temp_result_7> has a constant value of 0 in block <SLT>. This FF/Latch will be trimmed during the optimization process.
WARNING:Xst:1896 - Due to other FF/Latch trimming, FF/Latch <temp_result_6> has a constant value of 0 in block <SLT>. This FF/Latch will be trimmed during the optimization process.
WARNING:Xst:1896 - Due to other FF/Latch trimming, FF/Latch <temp_result_5> has a constant value of 0 in block <SLT>. This FF/Latch will be trimmed during the optimization process.
WARNING:Xst:1896 - Due to other FF/Latch trimming, FF/Latch <temp_result_4> has a constant value of 0 in block <SLT>. This FF/Latch will be trimmed during the optimization process.
WARNING:Xst:1896 - Due to other FF/Latch trimming, FF/Latch <temp_result_3> has a constant value of 0 in block <SLT>. This FF/Latch will be trimmed during the optimization process.
WARNING:Xst:1896 - Due to other FF/Latch trimming, FF/Latch <temp_result_2> has a constant value of 0 in block <SLT>. This FF/Latch will be trimmed during the optimization process.
WARNING:Xst:1896 - Due to other FF/Latch trimming, FF/Latch <temp_result_1> has a constant value of 0 in block <SLT>. This FF/Latch will be trimmed during the optimization process.

Optimizing unit <SLT> ...

Mapping all equations...
Building and optimizing final netlist ...
Found area constraint ratio of 100 (+ 5) on block SLT, actual ratio is 0.

Final Macro Processing ...

=========================================================================
Final Register Report

Macro Statistics
# Registers                                            : 1
 Flip-Flops                                            : 1

=========================================================================

=========================================================================
*                           Partition Report                            *
=========================================================================

Partition Implementation Status
-------------------------------

  No Partitions were found in this design.

-------------------------------

=========================================================================
*                            Design Summary                             *
=========================================================================

Top Level Output File Name         : SLT.ngc

Primitive and Black Box Usage:
------------------------------
# BELS                             : 68
#      GND                         : 1
#      LUT2                        : 34
#      MUXCY                       : 31
#      VCC                         : 1
#      XORCY                       : 1
# FlipFlops/Latches                : 1
#      FDR                         : 1
# Clock Buffers                    : 1
#      BUFGP                       : 1
# IO Buffers                       : 97
#      IBUF                        : 65
#      OBUF                        : 32

Device utilization summary:
---------------------------

Selected Device : 7a100tcsg324-1 


Slice Logic Utilization: 
 Number of Slice Registers:               1  out of  126800     0%  
 Number of Slice LUTs:                   34  out of  63400     0%  
    Number used as Logic:                34  out of  63400     0%  

Slice Logic Distribution: 
 Number of LUT Flip Flop pairs used:     34
   Number with an unused Flip Flop:      33  out of     34    97%  
   Number with an unused LUT:             0  out of     34     0%  
   Number of fully used LUT-FF pairs:     1  out of     34     2%  
   Number of unique control sets:         1

IO Utilization: 
 Number of IOs:                          98
 Number of bonded IOBs:                  98  out of    210    46%  

Specific Feature Utilization:
 Number of BUFG/BUFGCTRLs:                1  out of     32     3%  

---------------------------
Partition Resource Summary:
---------------------------

  No Partitions were found in this design.

---------------------------


=========================================================================
Timing Report

NOTE: THESE TIMING NUMBERS ARE ONLY A SYNTHESIS ESTIMATE.
      FOR ACCURATE TIMING INFORMATION PLEASE REFER TO THE TRACE REPORT
      GENERATED AFTER PLACE-and-ROUTE.

Clock Information:
------------------
-----------------------------------+------------------------+-------+
Clock Signal                       | Clock buffer(FF name)  | Load  |
-----------------------------------+------------------------+-------+
Clk                                | BUFGP                  | 1     |
-----------------------------------+------------------------+-------+

Asynchronous Control Signals Information:
----------------------------------------
No asynchronous control signals found in this design

Timing Summary:
---------------
Speed Grade: -1

   Minimum period: 1.059ns (Maximum Frequency: 944.287MHz)
   Minimum input arrival time before clock: 3.959ns
   Maximum output required time after clock: 0.883ns
   Maximum combinational path delay: No path found

Timing Details:
---------------
All values displayed in nanoseconds (ns)

=========================================================================
Timing constraint: Default period analysis for Clock 'Clk'
  Clock period: 1.059ns (frequency: 944.287MHz)
  Total number of paths / destination ports: 1 / 1
-------------------------------------------------------------------------
Delay:               1.059ns (Levels of Logic = 1)
  Source:            temp_result_0 (FF)
  Destination:       temp_result_0 (FF)
  Source Clock:      Clk rising
  Destination Clock: Clk rising

  Data Path: temp_result_0 to temp_result_0
                                Gate     Net
    Cell:in->out      fanout   Delay   Delay  Logical Name (Net Name)
    ----------------------------------------  ------------
     FDR:C->Q              2   0.478   0.427  temp_result_0 (temp_result_0)
     LUT2:I1->O            1   0.124   0.000  Result_SLT<0>1 (Result_SLT<0>1)
     FDR:D                     0.030          temp_result_0
    ----------------------------------------
    Total                      1.059ns (0.632ns logic, 0.427ns route)
                                       (59.7% logic, 40.3% route)

=========================================================================
Timing constraint: Default OFFSET IN BEFORE for Clock 'Clk'
  Total number of paths / destination ports: 97 / 2
-------------------------------------------------------------------------
Offset:              3.959ns (Levels of Logic = 35)
  Source:            Operand1<0> (PAD)
  Destination:       temp_result_0 (FF)
  Destination Clock: Clk rising

  Data Path: Operand1<0> to temp_result_0
                                Gate     Net
    Cell:in->out      fanout   Delay   Delay  Logical Name (Net Name)
    ----------------------------------------  ------------
     IBUF:I->O             1   0.001   0.536  Operand1_0_IBUF (Operand1_0_IBUF)
     LUT2:I0->O            1   0.124   0.000  Msub_n0009_Madd_lut<0> (Msub_n0009_Madd_lut<0>)
     MUXCY:S->O            1   0.472   0.000  Msub_n0009_Madd_cy<0> (Msub_n0009_Madd_cy<0>)
     MUXCY:CI->O           1   0.029   0.000  Msub_n0009_Madd_cy<1> (Msub_n0009_Madd_cy<1>)
     MUXCY:CI->O           1   0.029   0.000  Msub_n0009_Madd_cy<2> (Msub_n0009_Madd_cy<2>)
     MUXCY:CI->O           1   0.029   0.000  Msub_n0009_Madd_cy<3> (Msub_n0009_Madd_cy<3>)
     MUXCY:CI->O           1   0.029   0.000  Msub_n0009_Madd_cy<4> (Msub_n0009_Madd_cy<4>)
     MUXCY:CI->O           1   0.029   0.000  Msub_n0009_Madd_cy<5> (Msub_n0009_Madd_cy<5>)
     MUXCY:CI->O           1   0.029   0.000  Msub_n0009_Madd_cy<6> (Msub_n0009_Madd_cy<6>)
     MUXCY:CI->O           1   0.029   0.000  Msub_n0009_Madd_cy<7> (Msub_n0009_Madd_cy<7>)
     MUXCY:CI->O           1   0.029   0.000  Msub_n0009_Madd_cy<8> (Msub_n0009_Madd_cy<8>)
     MUXCY:CI->O           1   0.029   0.000  Msub_n0009_Madd_cy<9> (Msub_n0009_Madd_cy<9>)
     MUXCY:CI->O           1   0.029   0.000  Msub_n0009_Madd_cy<10> (Msub_n0009_Madd_cy<10>)
     MUXCY:CI->O           1   0.029   0.000  Msub_n0009_Madd_cy<11> (Msub_n0009_Madd_cy<11>)
     MUXCY:CI->O           1   0.029   0.000  Msub_n0009_Madd_cy<12> (Msub_n0009_Madd_cy<12>)
     MUXCY:CI->O           1   0.029   0.000  Msub_n0009_Madd_cy<13> (Msub_n0009_Madd_cy<13>)
     MUXCY:CI->O           1   0.029   0.000  Msub_n0009_Madd_cy<14> (Msub_n0009_Madd_cy<14>)
     MUXCY:CI->O           1   0.029   0.000  Msub_n0009_Madd_cy<15> (Msub_n0009_Madd_cy<15>)
     MUXCY:CI->O           1   0.029   0.000  Msub_n0009_Madd_cy<16> (Msub_n0009_Madd_cy<16>)
     MUXCY:CI->O           1   0.029   0.000  Msub_n0009_Madd_cy<17> (Msub_n0009_Madd_cy<17>)
     MUXCY:CI->O           1   0.029   0.000  Msub_n0009_Madd_cy<18> (Msub_n0009_Madd_cy<18>)
     MUXCY:CI->O           1   0.029   0.000  Msub_n0009_Madd_cy<19> (Msub_n0009_Madd_cy<19>)
     MUXCY:CI->O           1   0.029   0.000  Msub_n0009_Madd_cy<20> (Msub_n0009_Madd_cy<20>)
     MUXCY:CI->O           1   0.029   0.000  Msub_n0009_Madd_cy<21> (Msub_n0009_Madd_cy<21>)
     MUXCY:CI->O           1   0.029   0.000  Msub_n0009_Madd_cy<22> (Msub_n0009_Madd_cy<22>)
     MUXCY:CI->O           1   0.029   0.000  Msub_n0009_Madd_cy<23> (Msub_n0009_Madd_cy<23>)
     MUXCY:CI->O           1   0.029   0.000  Msub_n0009_Madd_cy<24> (Msub_n0009_Madd_cy<24>)
     MUXCY:CI->O           1   0.029   0.000  Msub_n0009_Madd_cy<25> (Msub_n0009_Madd_cy<25>)
     MUXCY:CI->O           1   0.029   0.000  Msub_n0009_Madd_cy<26> (Msub_n0009_Madd_cy<26>)
     MUXCY:CI->O           1   0.029   0.000  Msub_n0009_Madd_cy<27> (Msub_n0009_Madd_cy<27>)
     MUXCY:CI->O           1   0.029   0.000  Msub_n0009_Madd_cy<28> (Msub_n0009_Madd_cy<28>)
     MUXCY:CI->O           1   0.029   0.000  Msub_n0009_Madd_cy<29> (Msub_n0009_Madd_cy<29>)
     MUXCY:CI->O           0   0.029   0.000  Msub_n0009_Madd_cy<30> (Msub_n0009_Madd_cy<30>)
     XORCY:CI->O           1   0.510   0.421  Msub_n0009_Madd_xor<31> (n0009<31>)
     LUT2:I1->O            1   0.124   0.399  _n00151 (_n0015)
     FDR:R                     0.494          temp_result_0
    ----------------------------------------
    Total                      3.959ns (2.603ns logic, 1.356ns route)
                                       (65.7% logic, 34.3% route)

=========================================================================
Timing constraint: Default OFFSET OUT AFTER for Clock 'Clk'
  Total number of paths / destination ports: 1 / 1
-------------------------------------------------------------------------
Offset:              0.883ns (Levels of Logic = 1)
  Source:            temp_result_0 (FF)
  Destination:       Result_SLT<0> (PAD)
  Source Clock:      Clk rising

  Data Path: temp_result_0 to Result_SLT<0>
                                Gate     Net
    Cell:in->out      fanout   Delay   Delay  Logical Name (Net Name)
    ----------------------------------------  ------------
     FDR:C->Q              2   0.478   0.405  temp_result_0 (temp_result_0)
     OBUF:I->O                 0.000          Result_SLT_0_OBUF (Result_SLT<0>)
    ----------------------------------------
    Total                      0.883ns (0.478ns logic, 0.405ns route)
                                       (54.1% logic, 45.9% route)

=========================================================================

Cross Clock Domains Report:
--------------------------

Clock to Setup on destination clock Clk
---------------+---------+---------+---------+---------+
               | Src:Rise| Src:Fall| Src:Rise| Src:Fall|
Source Clock   |Dest:Rise|Dest:Rise|Dest:Fall|Dest:Fall|
---------------+---------+---------+---------+---------+
Clk            |    1.059|         |         |         |
---------------+---------+---------+---------+---------+

=========================================================================


Total REAL time to Xst completion: 11.00 secs
Total CPU time to Xst completion: 10.40 secs
 
--> 

Total memory usage is 445952 kilobytes

Number of errors   :    0 (   0 filtered)
Number of warnings :   62 (   0 filtered)
Number of infos    :    0 (   0 filtered)

