Release 14.7 - xst P.20131013 (nt64)
Copyright (c) 1995-2013 Xilinx, Inc.  All rights reserved.
--> Parameter TMPDIR set to xst/projnav.tmp


Total REAL time to Xst completion: 0.00 secs
Total CPU time to Xst completion: 0.10 secs
 
--> Parameter xsthdpdir set to xst


Total REAL time to Xst completion: 0.00 secs
Total CPU time to Xst completion: 0.10 secs
 
--> Reading design: SUB.prj

TABLE OF CONTENTS
  1) Synthesis Options Summary
  2) HDL Parsing
  3) HDL Elaboration
  4) HDL Synthesis
       4.1) HDL Synthesis Report
  5) Advanced HDL Synthesis
       5.1) Advanced HDL Synthesis Report
  6) Low Level Synthesis
  7) Partition Report
  8) Design Summary
       8.1) Primitive and Black Box Usage
       8.2) Device utilization summary
       8.3) Partition Resource Summary
       8.4) Timing Report
            8.4.1) Clock Information
            8.4.2) Asynchronous Control Signals Information
            8.4.3) Timing Summary
            8.4.4) Timing Details
            8.4.5) Cross Clock Domains Report


=========================================================================
*                      Synthesis Options Summary                        *
=========================================================================
---- Source Parameters
Input File Name                    : "SUB.prj"
Ignore Synthesis Constraint File   : NO

---- Target Parameters
Output File Name                   : "SUB"
Output Format                      : NGC
Target Device                      : xc7a100t-1-csg324

---- Source Options
Top Module Name                    : SUB
Automatic FSM Extraction           : YES
FSM Encoding Algorithm             : Auto
Safe Implementation                : No
FSM Style                          : LUT
RAM Extraction                     : Yes
RAM Style                          : Auto
ROM Extraction                     : Yes
Shift Register Extraction          : YES
ROM Style                          : Auto
Resource Sharing                   : YES
Asynchronous To Synchronous        : NO
Shift Register Minimum Size        : 2
Use DSP Block                      : Auto
Automatic Register Balancing       : No

---- Target Options
LUT Combining                      : Auto
Reduce Control Sets                : Auto
Add IO Buffers                     : YES
Global Maximum Fanout              : 100000
Add Generic Clock Buffer(BUFG)     : 32
Register Duplication               : YES
Optimize Instantiated Primitives   : NO
Use Clock Enable                   : Auto
Use Synchronous Set                : Auto
Use Synchronous Reset              : Auto
Pack IO Registers into IOBs        : Auto
Equivalent register Removal        : YES

---- General Options
Optimization Goal                  : Speed
Optimization Effort                : 1
Power Reduction                    : NO
Keep Hierarchy                     : No
Netlist Hierarchy                  : As_Optimized
RTL Output                         : Yes
Global Optimization                : AllClockNets
Read Cores                         : YES
Write Timing Constraints           : NO
Cross Clock Analysis               : NO
Hierarchy Separator                : /
Bus Delimiter                      : <>
Case Specifier                     : Maintain
Slice Utilization Ratio            : 100
BRAM Utilization Ratio             : 100
DSP48 Utilization Ratio            : 100
Auto BRAM Packing                  : NO
Slice Utilization Ratio Delta      : 5

=========================================================================


=========================================================================
*                          HDL Parsing                                  *
=========================================================================
Parsing VHDL file "C:\CG3207\Lab2\SUB.vhd" into library work
Parsing entity <SUB>.
Parsing architecture <SUB_ARCH> of entity <sub>.

=========================================================================
*                            HDL Elaboration                            *
=========================================================================

Elaborating entity <SUB> (architecture <SUB_ARCH>) with generics from library <work>.
INFO:HDLCompiler:679 - "C:\CG3207\Lab2\SUB.vhd" Line 54. Case statement is complete. others clause is never selected

=========================================================================
*                           HDL Synthesis                               *
=========================================================================

Synthesizing Unit <SUB>.
    Related source file is "C:\CG3207\Lab2\SUB.vhd".
        width = 32
    Found 32-bit register for signal <Result_SUB>.
    Found 32-bit adder for signal <n0016> created at line 51.
    Found 32-bit adder for signal <Operand1[31]_Operand2[31]_add_2_OUT> created at line 51.
    Summary:
	inferred   2 Adder/Subtractor(s).
	inferred  32 D-type flip-flop(s).
	inferred   1 Multiplexer(s).
Unit <SUB> synthesized.

=========================================================================
HDL Synthesis Report

Macro Statistics
# Adders/Subtractors                                   : 2
 32-bit adder                                          : 2
# Registers                                            : 1
 32-bit register                                       : 1
# Multiplexers                                         : 1
 32-bit 2-to-1 multiplexer                             : 1

=========================================================================

=========================================================================
*                       Advanced HDL Synthesis                          *
=========================================================================


=========================================================================
Advanced HDL Synthesis Report

Macro Statistics
# Adders/Subtractors                                   : 1
 32-bit adder carry in                                 : 1
# Registers                                            : 32
 Flip-Flops                                            : 32
# Multiplexers                                         : 1
 32-bit 2-to-1 multiplexer                             : 1

=========================================================================

=========================================================================
*                         Low Level Synthesis                           *
=========================================================================

Optimizing unit <SUB> ...

Mapping all equations...
Building and optimizing final netlist ...
Found area constraint ratio of 100 (+ 5) on block SUB, actual ratio is 0.

Final Macro Processing ...

=========================================================================
Final Register Report

Macro Statistics
# Registers                                            : 32
 Flip-Flops                                            : 32

=========================================================================

=========================================================================
*                           Partition Report                            *
=========================================================================

Partition Implementation Status
-------------------------------

  No Partitions were found in this design.

-------------------------------

=========================================================================
*                            Design Summary                             *
=========================================================================

Top Level Output File Name         : SUB.ngc

Primitive and Black Box Usage:
------------------------------
# BELS                             : 128
#      LUT2                        : 32
#      LUT3                        : 32
#      MUXCY                       : 31
#      VCC                         : 1
#      XORCY                       : 32
# FlipFlops/Latches                : 32
#      FD                          : 32
# Clock Buffers                    : 1
#      BUFGP                       : 1
# IO Buffers                       : 97
#      IBUF                        : 65
#      OBUF                        : 32

Device utilization summary:
---------------------------

Selected Device : 7a100tcsg324-1 


Slice Logic Utilization: 
 Number of Slice LUTs:                   64  out of  63400     0%  
    Number used as Logic:                64  out of  63400     0%  

Slice Logic Distribution: 
 Number of LUT Flip Flop pairs used:     64
   Number with an unused Flip Flop:      64  out of     64   100%  
   Number with an unused LUT:             0  out of     64     0%  
   Number of fully used LUT-FF pairs:     0  out of     64     0%  
   Number of unique control sets:         1

IO Utilization: 
 Number of IOs:                          98
 Number of bonded IOBs:                  98  out of    210    46%  
    IOB Flip Flops/Latches:              32

Specific Feature Utilization:
 Number of BUFG/BUFGCTRLs:                1  out of     32     3%  

---------------------------
Partition Resource Summary:
---------------------------

  No Partitions were found in this design.

---------------------------


=========================================================================
Timing Report

NOTE: THESE TIMING NUMBERS ARE ONLY A SYNTHESIS ESTIMATE.
      FOR ACCURATE TIMING INFORMATION PLEASE REFER TO THE TRACE REPORT
      GENERATED AFTER PLACE-and-ROUTE.

Clock Information:
------------------
-----------------------------------+------------------------+-------+
Clock Signal                       | Clock buffer(FF name)  | Load  |
-----------------------------------+------------------------+-------+
Clk                                | BUFGP                  | 32    |
-----------------------------------+------------------------+-------+

Asynchronous Control Signals Information:
----------------------------------------
No asynchronous control signals found in this design

Timing Summary:
---------------
Speed Grade: -1

   Minimum period: No path found
   Minimum input arrival time before clock: 3.102ns
   Maximum output required time after clock: 0.877ns
   Maximum combinational path delay: No path found

Timing Details:
---------------
All values displayed in nanoseconds (ns)

=========================================================================
Timing constraint: Default OFFSET IN BEFORE for Clock 'Clk'
  Total number of paths / destination ports: 1616 / 32
-------------------------------------------------------------------------
Offset:              3.102ns (Levels of Logic = 35)
  Source:            Operand1<0> (PAD)
  Destination:       Result_SUB_31 (FF)
  Destination Clock: Clk rising

  Data Path: Operand1<0> to Result_SUB_31
                                Gate     Net
    Cell:in->out      fanout   Delay   Delay  Logical Name (Net Name)
    ----------------------------------------  ------------
     IBUF:I->O             2   0.001   0.542  Operand1_0_IBUF (Operand1_0_IBUF)
     LUT2:I0->O            1   0.124   0.000  Madd_Operand1[31]_Operand2[31]_add_2_OUT_Madd_lut<0> (Madd_Operand1[31]_Operand2[31]_add_2_OUT_Madd_lut<0>)
     MUXCY:S->O            1   0.472   0.000  Madd_Operand1[31]_Operand2[31]_add_2_OUT_Madd_cy<0> (Madd_Operand1[31]_Operand2[31]_add_2_OUT_Madd_cy<0>)
     MUXCY:CI->O           1   0.029   0.000  Madd_Operand1[31]_Operand2[31]_add_2_OUT_Madd_cy<1> (Madd_Operand1[31]_Operand2[31]_add_2_OUT_Madd_cy<1>)
     MUXCY:CI->O           1   0.029   0.000  Madd_Operand1[31]_Operand2[31]_add_2_OUT_Madd_cy<2> (Madd_Operand1[31]_Operand2[31]_add_2_OUT_Madd_cy<2>)
     MUXCY:CI->O           1   0.029   0.000  Madd_Operand1[31]_Operand2[31]_add_2_OUT_Madd_cy<3> (Madd_Operand1[31]_Operand2[31]_add_2_OUT_Madd_cy<3>)
     MUXCY:CI->O           1   0.029   0.000  Madd_Operand1[31]_Operand2[31]_add_2_OUT_Madd_cy<4> (Madd_Operand1[31]_Operand2[31]_add_2_OUT_Madd_cy<4>)
     MUXCY:CI->O           1   0.029   0.000  Madd_Operand1[31]_Operand2[31]_add_2_OUT_Madd_cy<5> (Madd_Operand1[31]_Operand2[31]_add_2_OUT_Madd_cy<5>)
     MUXCY:CI->O           1   0.029   0.000  Madd_Operand1[31]_Operand2[31]_add_2_OUT_Madd_cy<6> (Madd_Operand1[31]_Operand2[31]_add_2_OUT_Madd_cy<6>)
     MUXCY:CI->O           1   0.029   0.000  Madd_Operand1[31]_Operand2[31]_add_2_OUT_Madd_cy<7> (Madd_Operand1[31]_Operand2[31]_add_2_OUT_Madd_cy<7>)
     MUXCY:CI->O           1   0.029   0.000  Madd_Operand1[31]_Operand2[31]_add_2_OUT_Madd_cy<8> (Madd_Operand1[31]_Operand2[31]_add_2_OUT_Madd_cy<8>)
     MUXCY:CI->O           1   0.029   0.000  Madd_Operand1[31]_Operand2[31]_add_2_OUT_Madd_cy<9> (Madd_Operand1[31]_Operand2[31]_add_2_OUT_Madd_cy<9>)
     MUXCY:CI->O           1   0.029   0.000  Madd_Operand1[31]_Operand2[31]_add_2_OUT_Madd_cy<10> (Madd_Operand1[31]_Operand2[31]_add_2_OUT_Madd_cy<10>)
     MUXCY:CI->O           1   0.029   0.000  Madd_Operand1[31]_Operand2[31]_add_2_OUT_Madd_cy<11> (Madd_Operand1[31]_Operand2[31]_add_2_OUT_Madd_cy<11>)
     MUXCY:CI->O           1   0.029   0.000  Madd_Operand1[31]_Operand2[31]_add_2_OUT_Madd_cy<12> (Madd_Operand1[31]_Operand2[31]_add_2_OUT_Madd_cy<12>)
     MUXCY:CI->O           1   0.029   0.000  Madd_Operand1[31]_Operand2[31]_add_2_OUT_Madd_cy<13> (Madd_Operand1[31]_Operand2[31]_add_2_OUT_Madd_cy<13>)
     MUXCY:CI->O           1   0.029   0.000  Madd_Operand1[31]_Operand2[31]_add_2_OUT_Madd_cy<14> (Madd_Operand1[31]_Operand2[31]_add_2_OUT_Madd_cy<14>)
     MUXCY:CI->O           1   0.029   0.000  Madd_Operand1[31]_Operand2[31]_add_2_OUT_Madd_cy<15> (Madd_Operand1[31]_Operand2[31]_add_2_OUT_Madd_cy<15>)
     MUXCY:CI->O           1   0.029   0.000  Madd_Operand1[31]_Operand2[31]_add_2_OUT_Madd_cy<16> (Madd_Operand1[31]_Operand2[31]_add_2_OUT_Madd_cy<16>)
     MUXCY:CI->O           1   0.029   0.000  Madd_Operand1[31]_Operand2[31]_add_2_OUT_Madd_cy<17> (Madd_Operand1[31]_Operand2[31]_add_2_OUT_Madd_cy<17>)
     MUXCY:CI->O           1   0.029   0.000  Madd_Operand1[31]_Operand2[31]_add_2_OUT_Madd_cy<18> (Madd_Operand1[31]_Operand2[31]_add_2_OUT_Madd_cy<18>)
     MUXCY:CI->O           1   0.029   0.000  Madd_Operand1[31]_Operand2[31]_add_2_OUT_Madd_cy<19> (Madd_Operand1[31]_Operand2[31]_add_2_OUT_Madd_cy<19>)
     MUXCY:CI->O           1   0.029   0.000  Madd_Operand1[31]_Operand2[31]_add_2_OUT_Madd_cy<20> (Madd_Operand1[31]_Operand2[31]_add_2_OUT_Madd_cy<20>)
     MUXCY:CI->O           1   0.029   0.000  Madd_Operand1[31]_Operand2[31]_add_2_OUT_Madd_cy<21> (Madd_Operand1[31]_Operand2[31]_add_2_OUT_Madd_cy<21>)
     MUXCY:CI->O           1   0.029   0.000  Madd_Operand1[31]_Operand2[31]_add_2_OUT_Madd_cy<22> (Madd_Operand1[31]_Operand2[31]_add_2_OUT_Madd_cy<22>)
     MUXCY:CI->O           1   0.029   0.000  Madd_Operand1[31]_Operand2[31]_add_2_OUT_Madd_cy<23> (Madd_Operand1[31]_Operand2[31]_add_2_OUT_Madd_cy<23>)
     MUXCY:CI->O           1   0.029   0.000  Madd_Operand1[31]_Operand2[31]_add_2_OUT_Madd_cy<24> (Madd_Operand1[31]_Operand2[31]_add_2_OUT_Madd_cy<24>)
     MUXCY:CI->O           1   0.029   0.000  Madd_Operand1[31]_Operand2[31]_add_2_OUT_Madd_cy<25> (Madd_Operand1[31]_Operand2[31]_add_2_OUT_Madd_cy<25>)
     MUXCY:CI->O           1   0.029   0.000  Madd_Operand1[31]_Operand2[31]_add_2_OUT_Madd_cy<26> (Madd_Operand1[31]_Operand2[31]_add_2_OUT_Madd_cy<26>)
     MUXCY:CI->O           1   0.029   0.000  Madd_Operand1[31]_Operand2[31]_add_2_OUT_Madd_cy<27> (Madd_Operand1[31]_Operand2[31]_add_2_OUT_Madd_cy<27>)
     MUXCY:CI->O           1   0.029   0.000  Madd_Operand1[31]_Operand2[31]_add_2_OUT_Madd_cy<28> (Madd_Operand1[31]_Operand2[31]_add_2_OUT_Madd_cy<28>)
     MUXCY:CI->O           1   0.029   0.000  Madd_Operand1[31]_Operand2[31]_add_2_OUT_Madd_cy<29> (Madd_Operand1[31]_Operand2[31]_add_2_OUT_Madd_cy<29>)
     MUXCY:CI->O           0   0.029   0.000  Madd_Operand1[31]_Operand2[31]_add_2_OUT_Madd_cy<30> (Madd_Operand1[31]_Operand2[31]_add_2_OUT_Madd_cy<30>)
     XORCY:CI->O           1   0.510   0.421  Madd_Operand1[31]_Operand2[31]_add_2_OUT_Madd_xor<31> (Operand1[31]_Operand2[31]_add_2_OUT<31>)
     LUT3:I2->O            1   0.124   0.000  Mmux_Operand1[31]_Operand1[31]_mux_6_OUT251 (Operand1[31]_Operand1[31]_mux_6_OUT<31>)
     FD:D                      0.030          Result_SUB_31
    ----------------------------------------
    Total                      3.102ns (2.139ns logic, 0.963ns route)
                                       (69.0% logic, 31.0% route)

=========================================================================
Timing constraint: Default OFFSET OUT AFTER for Clock 'Clk'
  Total number of paths / destination ports: 32 / 32
-------------------------------------------------------------------------
Offset:              0.877ns (Levels of Logic = 1)
  Source:            Result_SUB_31 (FF)
  Destination:       Result_SUB<31> (PAD)
  Source Clock:      Clk rising

  Data Path: Result_SUB_31 to Result_SUB<31>
                                Gate     Net
    Cell:in->out      fanout   Delay   Delay  Logical Name (Net Name)
    ----------------------------------------  ------------
     FD:C->Q               1   0.478   0.399  Result_SUB_31 (Result_SUB_31)
     OBUF:I->O                 0.000          Result_SUB_31_OBUF (Result_SUB<31>)
    ----------------------------------------
    Total                      0.877ns (0.478ns logic, 0.399ns route)
                                       (54.5% logic, 45.5% route)

=========================================================================

Cross Clock Domains Report:
--------------------------

=========================================================================


Total REAL time to Xst completion: 10.00 secs
Total CPU time to Xst completion: 10.39 secs
 
--> 

Total memory usage is 423652 kilobytes

Number of errors   :    0 (   0 filtered)
Number of warnings :    0 (   0 filtered)
Number of infos    :    0 (   0 filtered)

